Skipping file due to NaN values: out/simulation_2d/bi_K100_all_seeds/N5000_P0.001_Width5_Seed1_K100_Bv1.000000e-01_wD39.07_M1.mat
Skipping file due to NaN values: out/simulation_2d/bi_K100_all_seeds/N5000_P0.001_Width5_Seed1_K100_Bv1.000000e-01_wD49.42_M1.mat
Skipping file due to NaN values: out/simulation_2d/bi_K100_all_seeds/N5000_P0.001_Width5_Seed1_K100_Bv1.000000e-01_wD62.51_M1.mat
Skipping file due to NaN values: out/simulation_2d/bi_K100_all_seeds/N5000_P0.001_Width5_Seed1_K100_Bv1.000000e-01_wD79.06_M1.mat
Skipping file due to NaN values: out/simulation_2d/bi_K100_all_seeds/N5000_P0.001_Width5_Seed1_K100_Bv1.128838e+00_wD49.42_M1.mat
Skipping file due to NaN values: out/simulation_2d/bi_K100_all_seeds/N5000_P0.001_Width5_Seed1_K100_Bv1.128838e+00_wD62.51_M1.mat
Skipping file due to NaN values: out/simulation_2d/bi_K100_all_seeds/N5000_P0.001_Width5_Seed1_K100_Bv1.128838e+00_wD79.06_M1.mat
Skipping file due to NaN values: out/simulation_2d/bi_K100_all_seeds/N5000_P0.001_Width5_Seed1_K100_Bv1.274275e-01_wD39.07_M1.mat
Skipping file due to NaN values: out/simulation_2d/bi_K100_all_seeds/N5000_P0.001_Width5_Seed1_K100_Bv1.274275e-01_wD49.42_M1.mat
Skipping file due to NaN values: out/simulation_2d/bi_K100_all_seeds/N5000_P0.001_Width5_Seed1_K100_Bv1.274275e-01_wD62.51_M1.mat
Skipping file due to NaN values: out/simulation_2d/bi_K100_all_seeds/N5000_P0.001_Width5_Seed1_K100_Bv1.274275e-01_wD79.06_M1.mat
Skipping file due to NaN values: out/simulation_2d/bi_K100_all_seeds/N5000_P0.001_Width5_Seed1_K100_Bv1.438450e+00_wD49.42_M1.mat
Skipping file due to NaN values: out/simulation_2d/bi_K100_all_seeds/N5000_P0.001_Width5_Seed1_K100_Bv1.438450e+00_wD62.51_M1.mat
Skipping file due to NaN values: out/simulation_2d/bi_K100_all_seeds/N5000_P0.001_Width5_Seed1_K100_Bv1.438450e+00_wD79.06_M1.mat
Skipping file due to NaN values: out/simulation_2d/bi_K100_all_seeds/N5000_P0.001_Width5_Seed1_K100_Bv1.623777e-01_wD39.07_M1.mat
Skipping file due to NaN values: out/simulation_2d/bi_K100_all_seeds/N5000_P0.001_Width5_Seed1_K100_Bv1.623777e-01_wD49.42_M1.mat
Skipping file due to NaN values: out/simulation_2d/bi_K100_all_seeds/N5000_P0.001_Width5_Seed1_K100_Bv1.623777e-01_wD62.51_M1.mat
Skipping file due to NaN values: out/simulation_2d/bi_K100_all_seeds/N5000_P0.001_Width5_Seed1_K100_Bv1.623777e-01_wD79.06_M1.mat
Skipping file due to NaN values: out/simulation_2d/bi_K100_all_seeds/N5000_P0.001_Width5_Seed1_K100_Bv1.832981e+00_wD49.42_M1.mat
Skipping file due to NaN values: out/simulation_2d/bi_K100_all_seeds/N5000_P0.001_Width5_Seed1_K100_Bv1.832981e+00_wD62.51_M1.mat
Skipping file due to NaN values: out/simulation_2d/bi_K100_all_seeds/N5000_P0.001_Width5_Seed1_K100_Bv1.832981e+00_wD79.06_M1.mat
Skipping file due to NaN values: out/simulation_2d/bi_K100_all_seeds/N5000_P0.001_Width5_Seed1_K100_Bv10_wD100.00_M1.mat
Skipping file due to NaN values: out/simulation_2d/bi_K100_all_seeds/N5000_P0.001_Width5_Seed1_K100_Bv10_wD62.51_M1.mat
Skipping file due to NaN values: out/simulation_2d/bi_K100_all_seeds/N5000_P0.001_Width5_Seed1_K100_Bv10_wD79.06_M1.mat
Skipping file due to NaN values: out/simulation_2d/bi_K100_all_seeds/N5000_P0.001_Width5_Seed1_K100_Bv2.069138e-01_wD39.07_M1.mat
Skipping file due to NaN values: out/simulation_2d/bi_K100_all_seeds/N5000_P0.001_Width5_Seed1_K100_Bv2.069138e-01_wD49.42_M1.mat
Skipping file due to NaN values: out/simulation_2d/bi_K100_all_seeds/N5000_P0.001_Width5_Seed1_K100_Bv2.069138e-01_wD62.51_M1.mat
Skipping file due to NaN values: out/simulation_2d/bi_K100_all_seeds/N5000_P0.001_Width5_Seed1_K100_Bv2.069138e-01_wD79.06_M1.mat
Skipping file due to NaN values: out/simulation_2d/bi_K100_all_seeds/N5000_P0.001_Width5_Seed1_K100_Bv2.335721e+00_wD49.42_M1.mat
Skipping file due to NaN values: out/simulation_2d/bi_K100_all_seeds/N5000_P0.001_Width5_Seed1_K100_Bv2.335721e+00_wD62.51_M1.mat
Skipping file due to NaN values: out/simulation_2d/bi_K100_all_seeds/N5000_P0.001_Width5_Seed1_K100_Bv2.335721e+00_wD79.06_M1.mat
Skipping file due to NaN values: out/simulation_2d/bi_K100_all_seeds/N5000_P0.001_Width5_Seed1_K100_Bv2.636651e-01_wD39.07_M1.mat
Skipping file due to NaN values: out/simulation_2d/bi_K100_all_seeds/N5000_P0.001_Width5_Seed1_K100_Bv2.636651e-01_wD49.42_M1.mat
Skipping file due to NaN values: out/simulation_2d/bi_K100_all_seeds/N5000_P0.001_Width5_Seed1_K100_Bv2.636651e-01_wD62.51_M1.mat
Skipping file due to NaN values: out/simulation_2d/bi_K100_all_seeds/N5000_P0.001_Width5_Seed1_K100_Bv2.636651e-01_wD79.06_M1.mat
Skipping file due to NaN values: out/simulation_2d/bi_K100_all_seeds/N5000_P0.001_Width5_Seed1_K100_Bv2.976351e+00_wD49.42_M1.mat
Skipping file due to NaN values: out/simulation_2d/bi_K100_all_seeds/N5000_P0.001_Width5_Seed1_K100_Bv2.976351e+00_wD62.51_M1.mat
Skipping file due to NaN values: out/simulation_2d/bi_K100_all_seeds/N5000_P0.001_Width5_Seed1_K100_Bv2.976351e+00_wD79.06_M1.mat
Skipping file due to NaN values: out/simulation_2d/bi_K100_all_seeds/N5000_P0.001_Width5_Seed1_K100_Bv3.359818e-01_wD39.07_M1.mat
Skipping file due to NaN values: out/simulation_2d/bi_K100_all_seeds/N5000_P0.001_Width5_Seed1_K100_Bv3.359818e-01_wD49.42_M1.mat
Skipping file due to NaN values: out/simulation_2d/bi_K100_all_seeds/N5000_P0.001_Width5_Seed1_K100_Bv3.359818e-01_wD62.51_M1.mat
Skipping file due to NaN values: out/simulation_2d/bi_K100_all_seeds/N5000_P0.001_Width5_Seed1_K100_Bv3.359818e-01_wD79.06_M1.mat
Skipping file due to NaN values: out/simulation_2d/bi_K100_all_seeds/N5000_P0.001_Width5_Seed1_K100_Bv3.792690e+00_wD62.51_M1.mat
Skipping file due to NaN values: out/simulation_2d/bi_K100_all_seeds/N5000_P0.001_Width5_Seed1_K100_Bv3.792690e+00_wD79.06_M1.mat
Skipping file due to NaN values: out/simulation_2d/bi_K100_all_seeds/N5000_P0.001_Width5_Seed1_K100_Bv4.281332e-01_wD39.07_M1.mat
Skipping file due to NaN values: out/simulation_2d/bi_K100_all_seeds/N5000_P0.001_Width5_Seed1_K100_Bv4.281332e-01_wD49.42_M1.mat
Skipping file due to NaN values: out/simulation_2d/bi_K100_all_seeds/N5000_P0.001_Width5_Seed1_K100_Bv4.281332e-01_wD62.51_M1.mat
Skipping file due to NaN values: out/simulation_2d/bi_K100_all_seeds/N5000_P0.001_Width5_Seed1_K100_Bv4.281332e-01_wD79.06_M1.mat
Skipping file due to NaN values: out/simulation_2d/bi_K100_all_seeds/N5000_P0.001_Width5_Seed1_K100_Bv4.832930e+00_wD62.51_M1.mat
Skipping file due to NaN values: out/simulation_2d/bi_K100_all_seeds/N5000_P0.001_Width5_Seed1_K100_Bv4.832930e+00_wD79.06_M1.mat
Skipping file due to NaN values: out/simulation_2d/bi_K100_all_seeds/N5000_P0.001_Width5_Seed1_K100_Bv5.455595e-01_wD49.42_M1.mat
Skipping file due to NaN values: out/simulation_2d/bi_K100_all_seeds/N5000_P0.001_Width5_Seed1_K100_Bv5.455595e-01_wD62.51_M1.mat
Skipping file due to NaN values: out/simulation_2d/bi_K100_all_seeds/N5000_P0.001_Width5_Seed1_K100_Bv5.455595e-01_wD79.06_M1.mat
Skipping file due to NaN values: out/simulation_2d/bi_K100_all_seeds/N5000_P0.001_Width5_Seed1_K100_Bv6.158482e+00_wD62.51_M1.mat
Skipping file due to NaN values: out/simulation_2d/bi_K100_all_seeds/N5000_P0.001_Width5_Seed1_K100_Bv6.158482e+00_wD79.06_M1.mat
Skipping file due to NaN values: out/simulation_2d/bi_K100_all_seeds/N5000_P0.001_Width5_Seed1_K100_Bv6.951928e-01_wD49.42_M1.mat
Skipping file due to NaN values: out/simulation_2d/bi_K100_all_seeds/N5000_P0.001_Width5_Seed1_K100_Bv6.951928e-01_wD62.51_M1.mat
Skipping file due to NaN values: out/simulation_2d/bi_K100_all_seeds/N5000_P0.001_Width5_Seed1_K100_Bv6.951928e-01_wD79.06_M1.mat
Skipping file due to NaN values: out/simulation_2d/bi_K100_all_seeds/N5000_P0.001_Width5_Seed1_K100_Bv7.847600e+00_wD62.51_M1.mat
Skipping file due to NaN values: out/simulation_2d/bi_K100_all_seeds/N5000_P0.001_Width5_Seed1_K100_Bv7.847600e+00_wD79.06_M1.mat
Skipping file due to NaN values: out/simulation_2d/bi_K100_all_seeds/N5000_P0.001_Width5_Seed1_K100_Bv8.858668e-01_wD49.42_M1.mat
Skipping file due to NaN values: out/simulation_2d/bi_K100_all_seeds/N5000_P0.001_Width5_Seed1_K100_Bv8.858668e-01_wD62.51_M1.mat
Skipping file due to NaN values: out/simulation_2d/bi_K100_all_seeds/N5000_P0.001_Width5_Seed1_K100_Bv8.858668e-01_wD79.06_M1.mat
Skipping file due to NaN values: out/simulation_2d/bi_K100_all_seeds/N5000_P0.001_Width5_Seed2_K100_Bv1.000000e-01_wD79.06_M1.mat
Skipping file due to NaN values: out/simulation_2d/bi_K100_all_seeds/N5000_P0.001_Width5_Seed2_K100_Bv1.128838e+00_wD79.06_M1.mat
Skipping file due to NaN values: out/simulation_2d/bi_K100_all_seeds/N5000_P0.001_Width5_Seed2_K100_Bv1.274275e-01_wD79.06_M1.mat
Skipping file due to NaN values: out/simulation_2d/bi_K100_all_seeds/N5000_P0.001_Width5_Seed2_K100_Bv1.438450e+00_wD79.06_M1.mat
Skipping file due to NaN values: out/simulation_2d/bi_K100_all_seeds/N5000_P0.001_Width5_Seed2_K100_Bv1.623777e-01_wD79.06_M1.mat
Skipping file due to NaN values: out/simulation_2d/bi_K100_all_seeds/N5000_P0.001_Width5_Seed2_K100_Bv1.832981e+00_wD79.06_M1.mat
Skipping file due to NaN values: out/simulation_2d/bi_K100_all_seeds/N5000_P0.001_Width5_Seed2_K100_Bv2.069138e-01_wD79.06_M1.mat
Skipping file due to NaN values: out/simulation_2d/bi_K100_all_seeds/N5000_P0.001_Width5_Seed2_K100_Bv2.335721e+00_wD79.06_M1.mat
Skipping file due to NaN values: out/simulation_2d/bi_K100_all_seeds/N5000_P0.001_Width5_Seed2_K100_Bv2.636651e-01_wD79.06_M1.mat
Skipping file due to NaN values: out/simulation_2d/bi_K100_all_seeds/N5000_P0.001_Width5_Seed2_K100_Bv2.976351e+00_wD79.06_M1.mat
Skipping file due to NaN values: out/simulation_2d/bi_K100_all_seeds/N5000_P0.001_Width5_Seed2_K100_Bv3.359818e-01_wD79.06_M1.mat
Skipping file due to NaN values: out/simulation_2d/bi_K100_all_seeds/N5000_P0.001_Width5_Seed2_K100_Bv4.281332e-01_wD79.06_M1.mat
Skipping file due to NaN values: out/simulation_2d/bi_K100_all_seeds/N5000_P0.001_Width5_Seed2_K100_Bv5.455595e-01_wD79.06_M1.mat
Skipping file due to NaN values: out/simulation_2d/bi_K100_all_seeds/N5000_P0.001_Width5_Seed2_K100_Bv6.951928e-01_wD79.06_M1.mat
Skipping file due to NaN values: out/simulation_2d/bi_K100_all_seeds/N5000_P0.001_Width5_Seed2_K100_Bv8.858668e-01_wD79.06_M1.mat
Skipping file due to NaN values: out/simulation_2d/bi_K100_all_seeds/N5000_P0.0046416_Width5_Seed1_K100_Bv1.000000e-01_wD100.00_M1.mat
Skipping file due to NaN values: out/simulation_2d/bi_K100_all_seeds/N5000_P0.0046416_Width5_Seed1_K100_Bv1.128838e+00_wD100.00_M1.mat
Skipping file due to NaN values: out/simulation_2d/bi_K100_all_seeds/N5000_P0.0046416_Width5_Seed1_K100_Bv1.274275e-01_wD100.00_M1.mat
Skipping file due to NaN values: out/simulation_2d/bi_K100_all_seeds/N5000_P0.0046416_Width5_Seed1_K100_Bv1.438450e+00_wD100.00_M1.mat
Skipping file due to NaN values: out/simulation_2d/bi_K100_all_seeds/N5000_P0.0046416_Width5_Seed1_K100_Bv1.623777e-01_wD100.00_M1.mat
Skipping file due to NaN values: out/simulation_2d/bi_K100_all_seeds/N5000_P0.0046416_Width5_Seed1_K100_Bv1.832981e+00_wD100.00_M1.mat
Skipping file due to NaN values: out/simulation_2d/bi_K100_all_seeds/N5000_P0.0046416_Width5_Seed1_K100_Bv2.069138e-01_wD100.00_M1.mat
Skipping file due to NaN values: out/simulation_2d/bi_K100_all_seeds/N5000_P0.0046416_Width5_Seed1_K100_Bv2.335721e+00_wD100.00_M1.mat
Skipping file due to NaN values: out/simulation_2d/bi_K100_all_seeds/N5000_P0.0046416_Width5_Seed1_K100_Bv2.636651e-01_wD100.00_M1.mat
Skipping file due to NaN values: out/simulation_2d/bi_K100_all_seeds/N5000_P0.0046416_Width5_Seed1_K100_Bv2.976351e+00_wD100.00_M1.mat
Skipping file due to NaN values: out/simulation_2d/bi_K100_all_seeds/N5000_P0.0046416_Width5_Seed1_K100_Bv3.359818e-01_wD100.00_M1.mat
Skipping file due to NaN values: out/simulation_2d/bi_K100_all_seeds/N5000_P0.0046416_Width5_Seed1_K100_Bv3.792690e+00_wD100.00_M1.mat
Skipping file due to NaN values: out/simulation_2d/bi_K100_all_seeds/N5000_P0.0046416_Width5_Seed1_K100_Bv4.281332e-01_wD100.00_M1.mat
Skipping file due to NaN values: out/simulation_2d/bi_K100_all_seeds/N5000_P0.0046416_Width5_Seed1_K100_Bv4.832930e+00_wD100.00_M1.mat
Skipping file due to NaN values: out/simulation_2d/bi_K100_all_seeds/N5000_P0.0046416_Width5_Seed1_K100_Bv5.455595e-01_wD100.00_M1.mat
Skipping file due to NaN values: out/simulation_2d/bi_K100_all_seeds/N5000_P0.0046416_Width5_Seed1_K100_Bv6.158482e+00_wD100.00_M1.mat
Skipping file due to NaN values: out/simulation_2d/bi_K100_all_seeds/N5000_P0.0046416_Width5_Seed1_K100_Bv6.951928e-01_wD100.00_M1.mat
Skipping file due to NaN values: out/simulation_2d/bi_K100_all_seeds/N5000_P0.0046416_Width5_Seed1_K100_Bv8.858668e-01_wD100.00_M1.mat
Skipping file due to NaN values: out/simulation_2d/bi_K100_all_seeds/N5000_P0.0046416_Width5_Seed4_K100_Bv10_wD100.00_M1.mat
Skipping file due to NaN values: out/simulation_2d/bi_K100_all_seeds/N5000_P0.0046416_Width5_Seed4_K100_Bv7.847600e+00_wD100.00_M1.mat
Skipping file due to NaN values: out/simulation_2d/bi_K100_all_seeds/N5000_P0.01_Width5_Seed4_K100_Bv1.000000e-01_wD100.00_M1.mat
Skipping file due to NaN values: out/simulation_2d/bi_K100_all_seeds/N5000_P0.01_Width5_Seed4_K100_Bv1.000000e-01_wD79.06_M1.mat
Skipping file due to NaN values: out/simulation_2d/bi_K100_all_seeds/N5000_P0.01_Width5_Seed4_K100_Bv1.128838e+00_wD100.00_M1.mat
Skipping file due to NaN values: out/simulation_2d/bi_K100_all_seeds/N5000_P0.01_Width5_Seed4_K100_Bv1.128838e+00_wD79.06_M1.mat
Skipping file due to NaN values: out/simulation_2d/bi_K100_all_seeds/N5000_P0.01_Width5_Seed4_K100_Bv1.274275e-01_wD100.00_M1.mat
Skipping file due to NaN values: out/simulation_2d/bi_K100_all_seeds/N5000_P0.01_Width5_Seed4_K100_Bv1.274275e-01_wD79.06_M1.mat
Skipping file due to NaN values: out/simulation_2d/bi_K100_all_seeds/N5000_P0.01_Width5_Seed4_K100_Bv1.438450e+00_wD100.00_M1.mat
Skipping file due to NaN values: out/simulation_2d/bi_K100_all_seeds/N5000_P0.01_Width5_Seed4_K100_Bv1.438450e+00_wD79.06_M1.mat
Skipping file due to NaN values: out/simulation_2d/bi_K100_all_seeds/N5000_P0.01_Width5_Seed4_K100_Bv1.623777e-01_wD100.00_M1.mat
Skipping file due to NaN values: out/simulation_2d/bi_K100_all_seeds/N5000_P0.01_Width5_Seed4_K100_Bv1.623777e-01_wD79.06_M1.mat
Skipping file due to NaN values: out/simulation_2d/bi_K100_all_seeds/N5000_P0.01_Width5_Seed4_K100_Bv1.832981e+00_wD100.00_M1.mat
Skipping file due to NaN values: out/simulation_2d/bi_K100_all_seeds/N5000_P0.01_Width5_Seed4_K100_Bv10_wD100.00_M1.mat
Skipping file due to NaN values: out/simulation_2d/bi_K100_all_seeds/N5000_P0.01_Width5_Seed4_K100_Bv2.069138e-01_wD100.00_M1.mat
Skipping file due to NaN values: out/simulation_2d/bi_K100_all_seeds/N5000_P0.01_Width5_Seed4_K100_Bv2.069138e-01_wD79.06_M1.mat
Skipping file due to NaN values: out/simulation_2d/bi_K100_all_seeds/N5000_P0.01_Width5_Seed4_K100_Bv2.335721e+00_wD100.00_M1.mat
Skipping file due to NaN values: out/simulation_2d/bi_K100_all_seeds/N5000_P0.01_Width5_Seed4_K100_Bv2.636651e-01_wD100.00_M1.mat
Skipping file due to NaN values: out/simulation_2d/bi_K100_all_seeds/N5000_P0.01_Width5_Seed4_K100_Bv2.636651e-01_wD79.06_M1.mat
Skipping file due to NaN values: out/simulation_2d/bi_K100_all_seeds/N5000_P0.01_Width5_Seed4_K100_Bv2.976351e+00_wD100.00_M1.mat
Skipping file due to NaN values: out/simulation_2d/bi_K100_all_seeds/N5000_P0.01_Width5_Seed4_K100_Bv3.359818e-01_wD100.00_M1.mat
Skipping file due to NaN values: out/simulation_2d/bi_K100_all_seeds/N5000_P0.01_Width5_Seed4_K100_Bv3.359818e-01_wD79.06_M1.mat
Skipping file due to NaN values: out/simulation_2d/bi_K100_all_seeds/N5000_P0.01_Width5_Seed4_K100_Bv3.792690e+00_wD100.00_M1.mat
Skipping file due to NaN values: out/simulation_2d/bi_K100_all_seeds/N5000_P0.01_Width5_Seed4_K100_Bv4.281332e-01_wD100.00_M1.mat
Skipping file due to NaN values: out/simulation_2d/bi_K100_all_seeds/N5000_P0.01_Width5_Seed4_K100_Bv4.281332e-01_wD79.06_M1.mat
Skipping file due to NaN values: out/simulation_2d/bi_K100_all_seeds/N5000_P0.01_Width5_Seed4_K100_Bv4.832930e+00_wD100.00_M1.mat
Skipping file due to NaN values: out/simulation_2d/bi_K100_all_seeds/N5000_P0.01_Width5_Seed4_K100_Bv5.455595e-01_wD100.00_M1.mat
Skipping file due to NaN values: out/simulation_2d/bi_K100_all_seeds/N5000_P0.01_Width5_Seed4_K100_Bv5.455595e-01_wD79.06_M1.mat
Skipping file due to NaN values: out/simulation_2d/bi_K100_all_seeds/N5000_P0.01_Width5_Seed4_K100_Bv6.158482e+00_wD100.00_M1.mat
Skipping file due to NaN values: out/simulation_2d/bi_K100_all_seeds/N5000_P0.01_Width5_Seed4_K100_Bv6.951928e-01_wD100.00_M1.mat
Skipping file due to NaN values: out/simulation_2d/bi_K100_all_seeds/N5000_P0.01_Width5_Seed4_K100_Bv6.951928e-01_wD79.06_M1.mat
Skipping file due to NaN values: out/simulation_2d/bi_K100_all_seeds/N5000_P0.01_Width5_Seed4_K100_Bv7.847600e+00_wD100.00_M1.mat
Skipping file due to NaN values: out/simulation_2d/bi_K100_all_seeds/N5000_P0.01_Width5_Seed4_K100_Bv8.858668e-01_wD100.00_M1.mat
Skipping file due to NaN values: out/simulation_2d/bi_K100_all_seeds/N5000_P0.01_Width5_Seed4_K100_Bv8.858668e-01_wD79.06_M1.mat
Skipping file due to NaN values: out/simulation_2d/bi_K100_all_seeds/N5000_P0.021544_Width5_Seed1_K100_Bv1.000000e-01_wD100.00_M1.mat
Skipping file due to NaN values: out/simulation_2d/bi_K100_all_seeds/N5000_P0.021544_Width5_Seed1_K100_Bv1.128838e+00_wD100.00_M1.mat
Skipping file due to NaN values: out/simulation_2d/bi_K100_all_seeds/N5000_P0.021544_Width5_Seed1_K100_Bv1.274275e-01_wD100.00_M1.mat
Skipping file due to NaN values: out/simulation_2d/bi_K100_all_seeds/N5000_P0.021544_Width5_Seed1_K100_Bv1.438450e+00_wD100.00_M1.mat
Skipping file due to NaN values: out/simulation_2d/bi_K100_all_seeds/N5000_P0.021544_Width5_Seed1_K100_Bv1.623777e-01_wD100.00_M1.mat
Skipping file due to NaN values: out/simulation_2d/bi_K100_all_seeds/N5000_P0.021544_Width5_Seed1_K100_Bv1.832981e+00_wD100.00_M1.mat
Skipping file due to NaN values: out/simulation_2d/bi_K100_all_seeds/N5000_P0.021544_Width5_Seed1_K100_Bv2.069138e-01_wD100.00_M1.mat
Skipping file due to NaN values: out/simulation_2d/bi_K100_all_seeds/N5000_P0.021544_Width5_Seed1_K100_Bv2.335721e+00_wD100.00_M1.mat
Skipping file due to NaN values: out/simulation_2d/bi_K100_all_seeds/N5000_P0.021544_Width5_Seed1_K100_Bv2.636651e-01_wD100.00_M1.mat
Skipping file due to NaN values: out/simulation_2d/bi_K100_all_seeds/N5000_P0.021544_Width5_Seed1_K100_Bv2.976351e+00_wD100.00_M1.mat
Skipping file due to NaN values: out/simulation_2d/bi_K100_all_seeds/N5000_P0.021544_Width5_Seed1_K100_Bv3.359818e-01_wD100.00_M1.mat
Skipping file due to NaN values: out/simulation_2d/bi_K100_all_seeds/N5000_P0.021544_Width5_Seed1_K100_Bv3.792690e+00_wD100.00_M1.mat
Skipping file due to NaN values: out/simulation_2d/bi_K100_all_seeds/N5000_P0.021544_Width5_Seed1_K100_Bv4.281332e-01_wD100.00_M1.mat
Skipping file due to NaN values: out/simulation_2d/bi_K100_all_seeds/N5000_P0.021544_Width5_Seed1_K100_Bv4.832930e+00_wD100.00_M1.mat
Skipping file due to NaN values: out/simulation_2d/bi_K100_all_seeds/N5000_P0.021544_Width5_Seed1_K100_Bv5.455595e-01_wD100.00_M1.mat
Skipping file due to NaN values: out/simulation_2d/bi_K100_all_seeds/N5000_P0.021544_Width5_Seed1_K100_Bv6.158482e+00_wD100.00_M1.mat
Skipping file due to NaN values: out/simulation_2d/bi_K100_all_seeds/N5000_P0.021544_Width5_Seed1_K100_Bv6.951928e-01_wD100.00_M1.mat
Skipping file due to NaN values: out/simulation_2d/bi_K100_all_seeds/N5000_P0.021544_Width5_Seed1_K100_Bv8.858668e-01_wD100.00_M1.mat
Skipping file due to NaN values: out/simulation_2d/bi_K100_all_seeds/N5000_P0.021544_Width5_Seed4_K100_Bv1.128838e+00_wD100.00_M1.mat
Skipping file due to NaN values: out/simulation_2d/bi_K100_all_seeds/N5000_P0.021544_Width5_Seed4_K100_Bv1.438450e+00_wD100.00_M1.mat
Skipping file due to NaN values: out/simulation_2d/bi_K100_all_seeds/N5000_P0.021544_Width5_Seed4_K100_Bv1.832981e+00_wD100.00_M1.mat
Skipping file due to NaN values: out/simulation_2d/bi_K100_all_seeds/N5000_P0.021544_Width5_Seed4_K100_Bv2.335721e+00_wD100.00_M1.mat
Skipping file due to NaN values: out/simulation_2d/bi_K100_all_seeds/N5000_P0.021544_Width5_Seed4_K100_Bv2.976351e+00_wD100.00_M1.mat
Skipping file due to NaN values: out/simulation_2d/bi_K100_all_seeds/N5000_P0.021544_Width5_Seed4_K100_Bv3.792690e+00_wD100.00_M1.mat
Skipping file due to NaN values: out/simulation_2d/bi_K100_all_seeds/N5000_P0.021544_Width5_Seed4_K100_Bv4.832930e+00_wD100.00_M1.mat
Skipping file due to NaN values: out/simulation_2d/bi_K100_all_seeds/N5000_P0.021544_Width5_Seed4_K100_Bv8.858668e-01_wD100.00_M1.mat
Skipping file due to NaN values: out/simulation_2d/bi_K100_all_seeds/N5000_P0.046416_Width5_Seed2_K100_Bv1.000000e-01_wD100.00_M1.mat
Skipping file due to NaN values: out/simulation_2d/bi_K100_all_seeds/N5000_P0.046416_Width5_Seed2_K100_Bv1.128838e+00_wD100.00_M1.mat
Skipping file due to NaN values: out/simulation_2d/bi_K100_all_seeds/N5000_P0.046416_Width5_Seed2_K100_Bv1.274275e-01_wD100.00_M1.mat
Skipping file due to NaN values: out/simulation_2d/bi_K100_all_seeds/N5000_P0.046416_Width5_Seed2_K100_Bv1.438450e+00_wD100.00_M1.mat
Skipping file due to NaN values: out/simulation_2d/bi_K100_all_seeds/N5000_P0.046416_Width5_Seed2_K100_Bv1.623777e-01_wD100.00_M1.mat
Skipping file due to NaN values: out/simulation_2d/bi_K100_all_seeds/N5000_P0.046416_Width5_Seed2_K100_Bv1.832981e+00_wD100.00_M1.mat
Skipping file due to NaN values: out/simulation_2d/bi_K100_all_seeds/N5000_P0.046416_Width5_Seed2_K100_Bv2.069138e-01_wD100.00_M1.mat
Skipping file due to NaN values: out/simulation_2d/bi_K100_all_seeds/N5000_P0.046416_Width5_Seed2_K100_Bv2.335721e+00_wD100.00_M1.mat
Skipping file due to NaN values: out/simulation_2d/bi_K100_all_seeds/N5000_P0.046416_Width5_Seed2_K100_Bv2.636651e-01_wD100.00_M1.mat
Skipping file due to NaN values: out/simulation_2d/bi_K100_all_seeds/N5000_P0.046416_Width5_Seed2_K100_Bv2.976351e+00_wD100.00_M1.mat
Skipping file due to NaN values: out/simulation_2d/bi_K100_all_seeds/N5000_P0.046416_Width5_Seed2_K100_Bv3.359818e-01_wD100.00_M1.mat
Skipping file due to NaN values: out/simulation_2d/bi_K100_all_seeds/N5000_P0.046416_Width5_Seed2_K100_Bv3.792690e+00_wD100.00_M1.mat
Skipping file due to NaN values: out/simulation_2d/bi_K100_all_seeds/N5000_P0.046416_Width5_Seed2_K100_Bv4.281332e-01_wD100.00_M1.mat
Skipping file due to NaN values: out/simulation_2d/bi_K100_all_seeds/N5000_P0.046416_Width5_Seed2_K100_Bv4.832930e+00_wD100.00_M1.mat
Skipping file due to NaN values: out/simulation_2d/bi_K100_all_seeds/N5000_P0.046416_Width5_Seed2_K100_Bv5.455595e-01_wD100.00_M1.mat
Skipping file due to NaN values: out/simulation_2d/bi_K100_all_seeds/N5000_P0.046416_Width5_Seed2_K100_Bv6.158482e+00_wD100.00_M1.mat
Skipping file due to NaN values: out/simulation_2d/bi_K100_all_seeds/N5000_P0.046416_Width5_Seed2_K100_Bv6.951928e-01_wD100.00_M1.mat
Skipping file due to NaN values: out/simulation_2d/bi_K100_all_seeds/N5000_P0.046416_Width5_Seed2_K100_Bv8.858668e-01_wD100.00_M1.mat
Skipping file due to NaN values: out/simulation_2d/bi_K100_all_seeds/N5000_P0.1_Width5_Seed1_K100_Bv1.000000e-01_wD100.00_M1.mat
Skipping file due to NaN values: out/simulation_2d/bi_K100_all_seeds/N5000_P0.1_Width5_Seed1_K100_Bv1.128838e+00_wD100.00_M1.mat
Skipping file due to NaN values: out/simulation_2d/bi_K100_all_seeds/N5000_P0.1_Width5_Seed1_K100_Bv1.274275e-01_wD100.00_M1.mat
Skipping file due to NaN values: out/simulation_2d/bi_K100_all_seeds/N5000_P0.1_Width5_Seed1_K100_Bv1.438450e+00_wD100.00_M1.mat
Skipping file due to NaN values: out/simulation_2d/bi_K100_all_seeds/N5000_P0.1_Width5_Seed1_K100_Bv1.623777e-01_wD100.00_M1.mat
Skipping file due to NaN values: out/simulation_2d/bi_K100_all_seeds/N5000_P0.1_Width5_Seed1_K100_Bv1.832981e+00_wD100.00_M1.mat
Skipping file due to NaN values: out/simulation_2d/bi_K100_all_seeds/N5000_P0.1_Width5_Seed1_K100_Bv2.069138e-01_wD100.00_M1.mat
Skipping file due to NaN values: out/simulation_2d/bi_K100_all_seeds/N5000_P0.1_Width5_Seed1_K100_Bv2.335721e+00_wD100.00_M1.mat
Skipping file due to NaN values: out/simulation_2d/bi_K100_all_seeds/N5000_P0.1_Width5_Seed1_K100_Bv2.636651e-01_wD100.00_M1.mat
Skipping file due to NaN values: out/simulation_2d/bi_K100_all_seeds/N5000_P0.1_Width5_Seed1_K100_Bv2.976351e+00_wD100.00_M1.mat
Skipping file due to NaN values: out/simulation_2d/bi_K100_all_seeds/N5000_P0.1_Width5_Seed1_K100_Bv3.359818e-01_wD100.00_M1.mat
Skipping file due to NaN values: out/simulation_2d/bi_K100_all_seeds/N5000_P0.1_Width5_Seed1_K100_Bv3.792690e+00_wD100.00_M1.mat
Skipping file due to NaN values: out/simulation_2d/bi_K100_all_seeds/N5000_P0.1_Width5_Seed1_K100_Bv4.281332e-01_wD100.00_M1.mat
Skipping file due to NaN values: out/simulation_2d/bi_K100_all_seeds/N5000_P0.1_Width5_Seed1_K100_Bv4.832930e+00_wD100.00_M1.mat
Skipping file due to NaN values: out/simulation_2d/bi_K100_all_seeds/N5000_P0.1_Width5_Seed1_K100_Bv5.455595e-01_wD100.00_M1.mat
Skipping file due to NaN values: out/simulation_2d/bi_K100_all_seeds/N5000_P0.1_Width5_Seed1_K100_Bv6.158482e+00_wD100.00_M1.mat
Skipping file due to NaN values: out/simulation_2d/bi_K100_all_seeds/N5000_P0.1_Width5_Seed1_K100_Bv6.951928e-01_wD100.00_M1.mat
Skipping file due to NaN values: out/simulation_2d/bi_K100_all_seeds/N5000_P0.1_Width5_Seed1_K100_Bv8.858668e-01_wD100.00_M1.mat
Skipping file due to NaN values: out/simulation_2d/bi_K100_all_seeds/N5000_P0.1_Width5_Seed2_K100_Bv1.000000e-01_wD100.00_M1.mat
Skipping file due to NaN values: out/simulation_2d/bi_K100_all_seeds/N5000_P0.1_Width5_Seed2_K100_Bv1.128838e+00_wD100.00_M1.mat
Skipping file due to NaN values: out/simulation_2d/bi_K100_all_seeds/N5000_P0.1_Width5_Seed2_K100_Bv1.274275e-01_wD100.00_M1.mat
Skipping file due to NaN values: out/simulation_2d/bi_K100_all_seeds/N5000_P0.1_Width5_Seed2_K100_Bv1.438450e+00_wD100.00_M1.mat
Skipping file due to NaN values: out/simulation_2d/bi_K100_all_seeds/N5000_P0.1_Width5_Seed2_K100_Bv1.623777e-01_wD100.00_M1.mat
Skipping file due to NaN values: out/simulation_2d/bi_K100_all_seeds/N5000_P0.1_Width5_Seed2_K100_Bv1.832981e+00_wD100.00_M1.mat
Skipping file due to NaN values: out/simulation_2d/bi_K100_all_seeds/N5000_P0.1_Width5_Seed2_K100_Bv2.069138e-01_wD100.00_M1.mat
Skipping file due to NaN values: out/simulation_2d/bi_K100_all_seeds/N5000_P0.1_Width5_Seed2_K100_Bv2.335721e+00_wD100.00_M1.mat
Skipping file due to NaN values: out/simulation_2d/bi_K100_all_seeds/N5000_P0.1_Width5_Seed2_K100_Bv2.636651e-01_wD100.00_M1.mat
Skipping file due to NaN values: out/simulation_2d/bi_K100_all_seeds/N5000_P0.1_Width5_Seed2_K100_Bv2.976351e+00_wD100.00_M1.mat
Skipping file due to NaN values: out/simulation_2d/bi_K100_all_seeds/N5000_P0.1_Width5_Seed2_K100_Bv3.359818e-01_wD100.00_M1.mat
Skipping file due to NaN values: out/simulation_2d/bi_K100_all_seeds/N5000_P0.1_Width5_Seed2_K100_Bv3.792690e+00_wD100.00_M1.mat
Skipping file due to NaN values: out/simulation_2d/bi_K100_all_seeds/N5000_P0.1_Width5_Seed2_K100_Bv4.281332e-01_wD100.00_M1.mat
Skipping file due to NaN values: out/simulation_2d/bi_K100_all_seeds/N5000_P0.1_Width5_Seed2_K100_Bv4.832930e+00_wD100.00_M1.mat
Skipping file due to NaN values: out/simulation_2d/bi_K100_all_seeds/N5000_P0.1_Width5_Seed2_K100_Bv5.455595e-01_wD100.00_M1.mat
Skipping file due to NaN values: out/simulation_2d/bi_K100_all_seeds/N5000_P0.1_Width5_Seed2_K100_Bv6.158482e+00_wD100.00_M1.mat
Skipping file due to NaN values: out/simulation_2d/bi_K100_all_seeds/N5000_P0.1_Width5_Seed2_K100_Bv6.951928e-01_wD100.00_M1.mat
Skipping file due to NaN values: out/simulation_2d/bi_K100_all_seeds/N5000_P0.1_Width5_Seed2_K100_Bv7.847600e+00_wD100.00_M1.mat
Skipping file due to NaN values: out/simulation_2d/bi_K100_all_seeds/N5000_P0.1_Width5_Seed2_K100_Bv8.858668e-01_wD100.00_M1.mat
Data saved to out/processed_simulation/2d_K100.jld2
Data reloaded successfully. Number of entries: 17070
